<?xml version="1.0" encoding="UTF-8"?>
<!-- Generated by org.testng.reporters.JUnitReportReporter -->
<testsuite hostname="DESKTOP-OLOHNL2" failures="0" tests="4" name="api.test.UserTests" time="34.924" errors="0" timestamp="2024-04-06T08:06:35 GMT-03:00" skipped="0">
  <testcase classname="api.test.UserTests" name="testPostUser" time="6.698"/>
  <testcase classname="api.test.UserTests" name="testGetUser" time="5.022"/>
  <testcase classname="api.test.UserTests" name="testUpdateUserByName" time="18.680"/>
  <testcase classname="api.test.UserTests" name="testDeleteUserByName" time="4.524"/>
</testsuite> <!-- api.test.UserTests -->
