<?xml version="1.0" encoding="UTF-8"?>
<!-- Generated by org.testng.reporters.JUnitReportReporter -->
<testsuite hostname="DESKTOP-OLOHNL2" failures="0" tests="4" name="api.test.UserTests" time="10.006" errors="0" timestamp="2024-04-27T11:54:17 IST" skipped="0">
  <testcase classname="api.test.UserTests" name="testPostUser" time="4.284"/>
  <testcase classname="api.test.UserTests" name="testGetUser" time="1.536"/>
  <testcase classname="api.test.UserTests" name="testUpdateUserByName" time="2.911"/>
  <testcase classname="api.test.UserTests" name="testDeleteUserByName" time="1.275"/>
</testsuite> <!-- api.test.UserTests -->
